0
22656
22656
999999999
-999999999
22656
1
10804
10804
10804
11570
11570
1
11570
18444
11570
18444
18444
1
11570
11570
21539
24506
2866
0
2866
999999999
23614
26342
26342
1
4388
21539
4388
15395
12746
1
999999999
21539
999999999
28442
26342
1
28442
999999999
2842
18444
26342
1
11138
28442
31016
18444
18444
0
15199
11138
20958
28817
4388
1
2842
12746
11138
24506
3619
0
28442
15199
16243
26439
-999999999
1
31779
30225
30225
28442
4388
0
22951
908
22951
16243
18444
1
4244
15199
999999999
15199
28442
0
20958
11138
2842
18444
20958
0
31016
26342
13660
2878
30225
0
5205
11138
13660
18444
28817
1
1757
11138
1757
7116
30225
0
11138
16243
11400
16243
16243
7116 11138 11400 13430 13660 15199 15727 16243 18444 20958 21667 22951 23087 23971 24153 25682 25986 26342 26439 26619 26757 
0
595
9336
7116
4244
31779
1
31779
31398
23971
18444
20958
0
21667
595
3478
11400
31779
0
25497
7116
999999999
26619
18444
1
13660
25986
28817
4890
2069
0
31398
11152
24019
4890
25326
1
30473
14856
14856
18444
28817
1
18444
7116
1665
16243
7116
1
18444
14856
595
14437
15727
1
15727
3478
2842
26138
11400
1
2842
7116
2842
3478
26138
1
13056
13056
999999999
23087
15727
1
3619
11152
30225
13350
26619
1
21619
27457
30225
20054
27457
1
32092
14856
4890
27457
0
19929
26619
22975
4890
14856
1
20753
20753
2842
6841
28455
1
17663
1665
11152
21619
25828
1
1665
30225
28455
20054
4890
0
14437
2978
595
31779
25698
1
17663
17663
14856
15233
19011
1
7960
28455
3841
1679
19011
0
9025
6798
15199
21619
25986
1
9025
24690
19539
31016
28455
0
14856
13056
32092
2842
9336
6967 7116 7628 7675 7960 8161 8376 9025 9336 9690 9798 11152 11400 13056 13350 13660 14437 14856 15199 15233 15727 15862 16523 17663 17905 18085 18444 18751 19011 19539 19929 20054 20753 20958 21619 22975 23087 23444 24068 24153 24690 25326 25479 25497 25538 25698 25828 
0
2978
4890
31779
11400
23087
1
17663
28187
31779
7960
31016
0
11400
9336
7960
9806
4906
1
24153
32092
7116
20095
16523
1
23087
14856
1172
28455
28455
0
18444
595
25986
13056
4906
1
13056
13350
595
30225
16080
0
19479
14856
6477
9806
21645
1
13350
11152
20958
20095
31398
0
13608
20753
19479
29414
26342
0
15727
4142
13056
29414
616
0
15199
19479
19539
6967
13056
0
15862
20753
21619
11400
21645
0
11400
13056
31016
8376
25538
0
878
2842
2842
21645
1004
0
13056
2069
22975
24153
26439
1
13660
27457
11400
20958
14072
1
31016
7164
1139
3920
13056
0
31016
14437
20753
9025
13350
0
8092
14437
19479
4414
13350
6134 6410 6427 6477 6542 6798 6841 6967 7116 7164 7628 7960 8018 8092 8161 8376 8908 9025 9319 9336 9690 9798 9806 10318 11152 11400 11490 12850 13056 13320 13350 13607 13608 13626 13641 13660 14072 14437 14793 14847 14856 15199 15233 15727 15862 16148 16523 16759 17261 17663 17905 18085 18513 18640 18697 18751 18932 19011 19023 19479 19539 19929 20095 20753 20958 21619 21632 21645 22975 23087 23444 24068 24153 24690 25326 
1
29414
13320
4890
31016
1139
0
6134
12850
4244
11490
12850
1
6798
22975
4244
4906
11490
0
8092
9319
15555
26697
2105
0
19479
3920
12850
4906
15555
1
26697
25326
29414
30095
4414
1
9690
9690
31977
11400
31398
1
9690
14072
1397
20095
19798
0
10789
23444
15555
30225
4999
1
999999999
32092
18640
28804
4999
1
31779
31779
4153
20095
13660
0
12479
2842
28804
19023
14072
0
31977
18346
8018
9690
3920
1
3619
21811
12850
1172
9806
1
8018
26439
8092
7628
22975
1
6134
23444
1679
25538
9319
1
1679
22738
25824
2367
1679
1
11152
18343
25326
19023
2367
1
28008
32397
9690
20753
6967
1
27457
31943
18640
17663
17663
